<?xml version="1.0" encoding="UTF-8"?>
<testng-results skipped="0" failed="0" ignored="0" total="1" passed="1">
  <reporter-output>
  </reporter-output>
  <suite name="Suite" duration-ms="69617" started-at="2021-03-02T20:21:47 IST" finished-at="2021-03-02T20:22:57 IST">
    <groups>
    </groups>
    <test name="Testweb" duration-ms="69617" started-at="2021-03-02T20:21:47 IST" finished-at="2021-03-02T20:22:57 IST">
      <class name="com.eco.qa.testcases.EcoAdminPanelOrderCreationTest">
        <test-method status="PASS" signature="beforeTest()[pri:0, instance:com.eco.qa.testcases.EcoAdminPanelOrderCreationTest@4b0b0854]" name="beforeTest" is-config="true" duration-ms="5892" started-at="2021-03-02T20:21:47 IST" finished-at="2021-03-02T20:21:53 IST">
          <reporter-output>
          </reporter-output>
        </test-method> <!-- beforeTest -->
        <test-method status="PASS" signature="beforeClass()[pri:0, instance:com.eco.qa.testcases.EcoAdminPanelOrderCreationTest@4b0b0854]" name="beforeClass" is-config="true" duration-ms="2" started-at="2021-03-02T20:21:53 IST" finished-at="2021-03-02T20:21:53 IST">
          <reporter-output>
          </reporter-output>
        </test-method> <!-- beforeClass -->
        <test-method status="PASS" signature="beforeMethod(java.lang.reflect.Method)[pri:0, instance:com.eco.qa.testcases.EcoAdminPanelOrderCreationTest@4b0b0854]" name="beforeMethod" is-config="true" duration-ms="1153" started-at="2021-03-02T20:21:53 IST" finished-at="2021-03-02T20:21:55 IST">
          <params>
            <param index="0">
              <value>
                <![CDATA[public void com.eco.qa.testcases.EcoAdminPanelOrderCreationTest.ElevatorOrderCreation() throws java.lang.Exception]]>
              </value>
            </param>
          </params>
          <reporter-output>
          </reporter-output>
        </test-method> <!-- beforeMethod -->
        <test-method status="PASS" signature="ElevatorOrderCreation()[pri:0, instance:com.eco.qa.testcases.EcoAdminPanelOrderCreationTest@4b0b0854]" name="ElevatorOrderCreation" duration-ms="60304" started-at="2021-03-02T20:21:55 IST" finished-at="2021-03-02T20:22:55 IST">
          <reporter-output>
          </reporter-output>
        </test-method> <!-- ElevatorOrderCreation -->
        <test-method status="PASS" signature="afterMethod()[pri:0, instance:com.eco.qa.testcases.EcoAdminPanelOrderCreationTest@4b0b0854]" name="afterMethod" is-config="true" duration-ms="807" started-at="2021-03-02T20:22:55 IST" finished-at="2021-03-02T20:22:56 IST">
          <reporter-output>
          </reporter-output>
        </test-method> <!-- afterMethod -->
        <test-method status="PASS" signature="afterClass()[pri:0, instance:com.eco.qa.testcases.EcoAdminPanelOrderCreationTest@4b0b0854]" name="afterClass" is-config="true" duration-ms="1" started-at="2021-03-02T20:22:56 IST" finished-at="2021-03-02T20:22:56 IST">
          <reporter-output>
          </reporter-output>
        </test-method> <!-- afterClass -->
        <test-method status="PASS" signature="afterTest()[pri:0, instance:com.eco.qa.testcases.EcoAdminPanelOrderCreationTest@4b0b0854]" name="afterTest" is-config="true" duration-ms="890" started-at="2021-03-02T20:22:56 IST" finished-at="2021-03-02T20:22:57 IST">
          <reporter-output>
          </reporter-output>
        </test-method> <!-- afterTest -->
      </class> <!-- com.eco.qa.testcases.EcoAdminPanelOrderCreationTest -->
    </test> <!-- Testweb -->
  </suite> <!-- Suite -->
</testng-results>
