<?xml version="1.0" encoding="UTF-8"?>
<!-- Generated by org.testng.reporters.JUnitXMLReporter -->
<testsuite hostname="Umang952-Prod" ignored="0" name="Test" tests="2" failures="1" timestamp="2021-02-12T00:49:31 IST" time="43.422" errors="0">
  <testcase name="@BeforeTest beforeTest" time="23.185" classname="com.qa.eco.base.TestBase2">
    <failure type="org.openqa.selenium.TimeoutException" message="timeout: Timed out receiving message from renderer: -0.014
  (Session info: chrome=88.0.4324.150)
Build info: version: &amp;apos;3.141.59&amp;apos;, revision: &amp;apos;e82be7d358&amp;apos;, time: &amp;apos;2018-11-14T08:17:03&amp;apos;
System info: host: &amp;apos;UMANG952-PROD&amp;apos;, ip: &amp;apos;172.17.17.12&amp;apos;, os.name: &amp;apos;Windows 10&amp;apos;, os.arch: &amp;apos;amd64&amp;apos;, os.version: &amp;apos;10.0&amp;apos;, java.version: &amp;apos;1.8.0_261&amp;apos;
Driver info: org.openqa.selenium.chrome.ChromeDriver
Capabilities {acceptInsecureCerts: false, browserName: chrome, browserVersion: 88.0.4324.150, chrome: {chromedriverVersion: 88.0.4324.96 (68dba2d8a0b14..., userDataDir: C:\Users\UMANG~1.SHA\AppDat...}, goog:chromeOptions: {debuggerAddress: localhost:53577}, javascriptEnabled: true, networkConnectionEnabled: false, pageLoadStrategy: normal, platform: WINDOWS, platformName: WINDOWS, proxy: Proxy(), setWindowRect: true, strictFileInteractability: false, timeouts: {implicit: 0, pageLoad: 300000, script: 30000}, unhandledPromptBehavior: dismiss and notify, webauthn:extension:largeBlob: true, webauthn:virtualAuthenticators: true}
Session ID: f6d6a452c1f4afea1ce8661862c22a9a">
      <![CDATA[org.openqa.selenium.TimeoutException: timeout: Timed out receiving message from renderer: -0.014
  (Session info: chrome=88.0.4324.150)
Build info: version: '3.141.59', revision: 'e82be7d358', time: '2018-11-14T08:17:03'
System info: host: 'UMANG952-PROD', ip: '172.17.17.12', os.name: 'Windows 10', os.arch: 'amd64', os.version: '10.0', java.version: '1.8.0_261'
Driver info: org.openqa.selenium.chrome.ChromeDriver
Capabilities {acceptInsecureCerts: false, browserName: chrome, browserVersion: 88.0.4324.150, chrome: {chromedriverVersion: 88.0.4324.96 (68dba2d8a0b14..., userDataDir: C:\Users\UMANG~1.SHA\AppDat...}, goog:chromeOptions: {debuggerAddress: localhost:53577}, javascriptEnabled: true, networkConnectionEnabled: false, pageLoadStrategy: normal, platform: WINDOWS, platformName: WINDOWS, proxy: Proxy(), setWindowRect: true, strictFileInteractability: false, timeouts: {implicit: 0, pageLoad: 300000, script: 30000}, unhandledPromptBehavior: dismiss and notify, webauthn:extension:largeBlob: true, webauthn:virtualAuthenticators: true}
Session ID: f6d6a452c1f4afea1ce8661862c22a9a
at org.openqa.selenium.remote.http.W3CHttpResponseCodec.createException(W3CHttpResponseCodec.java:187)
at org.openqa.selenium.remote.http.W3CHttpResponseCodec.decode(W3CHttpResponseCodec.java:122)
at org.openqa.selenium.remote.http.W3CHttpResponseCodec.decode(W3CHttpResponseCodec.java:49)
at org.openqa.selenium.remote.HttpCommandExecutor.execute(HttpCommandExecutor.java:158)
at org.openqa.selenium.remote.service.DriverCommandExecutor.execute(DriverCommandExecutor.java:83)
at org.openqa.selenium.remote.RemoteWebDriver.execute(RemoteWebDriver.java:552)
at org.openqa.selenium.remote.RemoteWebDriver.get(RemoteWebDriver.java:277)
at com.qa.eco.base.TestBase2.beforeTest(TestBase2.java:104)
... Removed 28 stack frames]]>
    </failure>
  </testcase> <!-- @BeforeTest beforeTest -->
  <testcase name="@BeforeClass beforeClass" time="-1.613071168936E9" classname="com.eco.qa.testcases.EcoAdminPanelOrderCreationTest">
    <skipped/>
  </testcase> <!-- @BeforeClass beforeClass -->
  <testcase name="@BeforeMethod beforeMethod" time="-1.613071168953E9" classname="com.eco.qa.testcases.EcoAdminPanelOrderCreationTest">
    <skipped/>
  </testcase> <!-- @BeforeMethod beforeMethod -->
  <testcase name="@AfterMethod afterMethod" time="-1.613071168963E9" classname="com.eco.qa.testcases.EcoAdminPanelOrderCreationTest">
    <skipped/>
  </testcase> <!-- @AfterMethod afterMethod -->
  <testcase name="@AfterClass afterClass" time="-1.613071168966E9" classname="com.eco.qa.testcases.EcoAdminPanelOrderCreationTest">
    <skipped/>
  </testcase> <!-- @AfterClass afterClass -->
  <testcase name="ElevatorOrderCreation" time="0.0" classname="com.eco.qa.testcases.EcoAdminPanelOrderCreationTest">
    <skipped/>
  </testcase> <!-- ElevatorOrderCreation -->
  <testcase name="ElevatorIdealFlow" time="0.094" classname="com.eco.qa.testcases.GermShieldTreatmeElevatorTests">
    <failure type="org.openqa.selenium.WebDriverException" message="org.openqa.selenium.WebDriverException: An unknown server-side error occurred while processing the command. Original error: Could not proxy command to the remote server. Original error: socket hang up
Build info: version: &amp;apos;3.141.59&amp;apos;, revision: &amp;apos;e82be7d358&amp;apos;, time: &amp;apos;2018-11-14T08:17:03&amp;apos;
System info: host: &amp;apos;UMANG952-PROD&amp;apos;, ip: &amp;apos;172.17.17.12&amp;apos;, os.name: &amp;apos;Windows 10&amp;apos;, os.arch: &amp;apos;amd64&amp;apos;, os.version: &amp;apos;10.0&amp;apos;, java.version: &amp;apos;1.8.0_261&amp;apos;
Driver info: io.appium.java_client.AppiumDriver
Capabilities {app: C:/Users/umang.sharma/eclip..., appActivity: in.droom.eco.activity.Splas..., appPackage: in.droom.eco, automationName: UiAutomator2, databaseEnabled: false, desired: {app: C:/Users/umang.sharma/eclip..., appActivity: in.droom.eco.activity.Splas..., appPackage: in.droom.eco, automationName: UiAutomator2, deviceName: Redmi, platformName: android, platformVersion: 10 QKQ1.191014.001, resetKeyboard: true, udid: 63d521db0806, unicodeKeyboard: true}, deviceApiLevel: 29, deviceManufacturer: Xiaomi, deviceModel: Redmi 8, deviceName: 63d521db0806, deviceScreenDensity: 320, deviceScreenSize: 720x1520, deviceUDID: 63d521db0806, javascriptEnabled: true, locationContextEnabled: false, networkConnectionEnabled: true, pixelRatio: 2, platform: LINUX, platformName: Android, platformVersion: 10, resetKeyboard: true, statBarHeight: 55, takesScreenshot: true, udid: 63d521db0806, unicodeKeyboard: true, viewportRect: {height: 1314, left: 0, top: 55, width: 720}, warnings: {}, webStorageEnabled: false}
Session ID: 00bdc1dd-e3f4-46da-88ba-e39422810ab0
*** Element info: {Using=id, value=com.android.permissioncontroller:id/permission_allow_button}">
      <![CDATA[org.openqa.selenium.WebDriverException: org.openqa.selenium.WebDriverException: An unknown server-side error occurred while processing the command. Original error: Could not proxy command to the remote server. Original error: socket hang up
Build info: version: '3.141.59', revision: 'e82be7d358', time: '2018-11-14T08:17:03'
System info: host: 'UMANG952-PROD', ip: '172.17.17.12', os.name: 'Windows 10', os.arch: 'amd64', os.version: '10.0', java.version: '1.8.0_261'
Driver info: io.appium.java_client.AppiumDriver
Capabilities {app: C:/Users/umang.sharma/eclip..., appActivity: in.droom.eco.activity.Splas..., appPackage: in.droom.eco, automationName: UiAutomator2, databaseEnabled: false, desired: {app: C:/Users/umang.sharma/eclip..., appActivity: in.droom.eco.activity.Splas..., appPackage: in.droom.eco, automationName: UiAutomator2, deviceName: Redmi, platformName: android, platformVersion: 10 QKQ1.191014.001, resetKeyboard: true, udid: 63d521db0806, unicodeKeyboard: true}, deviceApiLevel: 29, deviceManufacturer: Xiaomi, deviceModel: Redmi 8, deviceName: 63d521db0806, deviceScreenDensity: 320, deviceScreenSize: 720x1520, deviceUDID: 63d521db0806, javascriptEnabled: true, locationContextEnabled: false, networkConnectionEnabled: true, pixelRatio: 2, platform: LINUX, platformName: Android, platformVersion: 10, resetKeyboard: true, statBarHeight: 55, takesScreenshot: true, udid: 63d521db0806, unicodeKeyboard: true, viewportRect: {height: 1314, left: 0, top: 55, width: 720}, warnings: {}, webStorageEnabled: false}
Session ID: 00bdc1dd-e3f4-46da-88ba-e39422810ab0
*** Element info: {Using=id, value=com.android.permissioncontroller:id/permission_allow_button}
at io.appium.java_client.pagefactory.AppiumElementLocator$WaitingFunction.apply(AppiumElementLocator.java:192)
at io.appium.java_client.pagefactory.AppiumElementLocator$WaitingFunction.apply(AppiumElementLocator.java:1)
at org.openqa.selenium.support.ui.FluentWait.until(FluentWait.java:249)
at io.appium.java_client.pagefactory.AppiumElementLocator.waitFor(AppiumElementLocator.java:99)
at io.appium.java_client.pagefactory.AppiumElementLocator.findElement(AppiumElementLocator.java:119)
at io.appium.java_client.pagefactory.interceptors.InterceptorOfASingleElement.intercept(InterceptorOfASingleElement.java:59)
at io.appium.java_client.android.AndroidElement$$EnhancerByCGLIB$$b598166c.isDisplayed(<generated>)
at org.openqa.selenium.support.ui.ExpectedConditions.elementIfVisible(ExpectedConditions.java:314)
at org.openqa.selenium.support.ui.ExpectedConditions.access$000(ExpectedConditions.java:43)
at org.openqa.selenium.support.ui.ExpectedConditions$10.apply(ExpectedConditions.java:300)
at org.openqa.selenium.support.ui.ExpectedConditions$10.apply(ExpectedConditions.java:297)
at org.openqa.selenium.support.ui.FluentWait.until(FluentWait.java:249)
at com.qa.eco.base.TestBase.waitForVisibility(TestBase.java:102)
at com.qa.eco.base.TestBase.click(TestBase.java:106)
at com.qa.eco.base.CommonInitialization.pressPhotoPermissionAllow(CommonInitialization.java:41)
at com.qa.eco.base.CommonInitialization.initialization(CommonInitialization.java:60)
at com.eco.qa.testcases.GermShieldTreatmeElevatorTests.ElevatorIdealFlow(GermShieldTreatmeElevatorTests.java:78)
at java.util.ArrayList.forEach(ArrayList.java:1259)
Caused by: org.openqa.selenium.WebDriverException: An unknown server-side error occurred while processing the command. Original error: Could not proxy command to the remote server. Original error: socket hang up
Build info: version: '3.141.59', revision: 'e82be7d358', time: '2018-11-14T08:17:03'
System info: host: 'UMANG952-PROD', ip: '172.17.17.12', os.name: 'Windows 10', os.arch: 'amd64', os.version: '10.0', java.version: '1.8.0_261'
Driver info: io.appium.java_client.AppiumDriver
Capabilities {app: C:/Users/umang.sharma/eclip..., appActivity: in.droom.eco.activity.Splas..., appPackage: in.droom.eco, automationName: UiAutomator2, databaseEnabled: false, desired: {app: C:/Users/umang.sharma/eclip..., appActivity: in.droom.eco.activity.Splas..., appPackage: in.droom.eco, automationName: UiAutomator2, deviceName: Redmi, platformName: android, platformVersion: 10 QKQ1.191014.001, resetKeyboard: true, udid: 63d521db0806, unicodeKeyboard: true}, deviceApiLevel: 29, deviceManufacturer: Xiaomi, deviceModel: Redmi 8, deviceName: 63d521db0806, deviceScreenDensity: 320, deviceScreenSize: 720x1520, deviceUDID: 63d521db0806, javascriptEnabled: true, locationContextEnabled: false, networkConnectionEnabled: true, pixelRatio: 2, platform: LINUX, platformName: Android, platformVersion: 10, resetKeyboard: true, statBarHeight: 55, takesScreenshot: true, udid: 63d521db0806, unicodeKeyboard: true, viewportRect: {height: 1314, left: 0, top: 55, width: 720}, warnings: {}, webStorageEnabled: false}
Session ID: 00bdc1dd-e3f4-46da-88ba-e39422810ab0
*** Element info: {Using=id, value=com.android.permissioncontroller:id/permission_allow_button}
at org.openqa.selenium.remote.http.W3CHttpResponseCodec.createException(W3CHttpResponseCodec.java:187)
at org.openqa.selenium.remote.http.W3CHttpResponseCodec.decode(W3CHttpResponseCodec.java:122)
at org.openqa.selenium.remote.http.W3CHttpResponseCodec.decode(W3CHttpResponseCodec.java:49)
at org.openqa.selenium.remote.HttpCommandExecutor.execute(HttpCommandExecutor.java:158)
at io.appium.java_client.remote.AppiumCommandExecutor.execute(AppiumCommandExecutor.java:239)
at org.openqa.selenium.remote.RemoteWebDriver.execute(RemoteWebDriver.java:552)
at io.appium.java_client.DefaultGenericMobileDriver.execute(DefaultGenericMobileDriver.java:41)
at io.appium.java_client.AppiumDriver.execute(AppiumDriver.java:1)
at org.openqa.selenium.remote.RemoteWebDriver.findElement(RemoteWebDriver.java:323)
at io.appium.java_client.DefaultGenericMobileDriver.findElement(DefaultGenericMobileDriver.java:61)
at io.appium.java_client.AppiumDriver.findElement(AppiumDriver.java:1)
at org.openqa.selenium.remote.RemoteWebDriver.findElementById(RemoteWebDriver.java:372)
at io.appium.java_client.DefaultGenericMobileDriver.findElementById(DefaultGenericMobileDriver.java:69)
at io.appium.java_client.AppiumDriver.findElementById(AppiumDriver.java:1)
at org.openqa.selenium.By$ById.findElement(By.java:188)
at org.openqa.selenium.remote.RemoteWebDriver.findElement(RemoteWebDriver.java:315)
at io.appium.java_client.DefaultGenericMobileDriver.findElement(DefaultGenericMobileDriver.java:57)
at io.appium.java_client.AppiumDriver.findElement(AppiumDriver.java:1)
at io.appium.java_client.pagefactory.bys.builder.ByChained.lambda$0(ByChained.java:38)
at org.openqa.selenium.support.ui.FluentWait.until(FluentWait.java:249)
at io.appium.java_client.pagefactory.bys.builder.ByChained.findElement(ByChained.java:72)
at org.openqa.selenium.remote.RemoteWebDriver.findElement(RemoteWebDriver.java:315)
at io.appium.java_client.DefaultGenericMobileDriver.findElement(DefaultGenericMobileDriver.java:57)
at io.appium.java_client.AppiumDriver.findElement(AppiumDriver.java:1)
at io.appium.java_client.pagefactory.bys.ContentMappedBy.findElement(ContentMappedBy.java:50)
at org.openqa.selenium.remote.RemoteWebDriver.findElement(RemoteWebDriver.java:315)
at io.appium.java_client.DefaultGenericMobileDriver.findElement(DefaultGenericMobileDriver.java:57)
at io.appium.java_client.AppiumDriver.findElement(AppiumDriver.java:1)
at io.appium.java_client.pagefactory.AppiumElementLocator.lambda$0(AppiumElementLocator.java:120)
at io.appium.java_client.pagefactory.AppiumElementLocator$WaitingFunction.apply(AppiumElementLocator.java:172)
... 44 more
... Removed 31 stack frames]]>
    </failure>
  </testcase> <!-- ElevatorIdealFlow -->
</testsuite> <!-- Test -->
