<?xml version="1.0" encoding="UTF-8"?>
<!-- Generated by org.testng.reporters.JUnitXMLReporter -->
<testsuite hostname="Umang952-Prod" ignored="0" name="Testapp" tests="1" failures="1" timestamp="2021-02-13T03:33:17 IST" time="45.149" errors="0">
  <testcase name="ElevatorIdealFlow" time="25.505" classname="com.eco.qa.testcases.GermShieldTreatmeElevatorTests">
    <failure type="java.lang.NullPointerException">
      <![CDATA[java.lang.NullPointerException
at com.eco.qa.testcases.GermShieldTreatmeElevatorTests.ElevatorIdealFlow(GermShieldTreatmeElevatorTests.java:83)
at java.util.ArrayList.forEach(ArrayList.java:1259)
... Removed 27 stack frames]]>
    </failure>
  </testcase> <!-- ElevatorIdealFlow -->
</testsuite> <!-- Testapp -->
