<?xml version="1.0" encoding="UTF-8"?>
<!-- Generated by org.testng.reporters.JUnitXMLReporter -->
<testsuite hostname="Umang952-Prod" ignored="0" name="Testweb" tests="3" failures="1" timestamp="2021-02-13T04:44:24 IST" time="0.169" errors="0">
  <testcase name="validUserNamePswd" time="0.029" classname="com.eco.qa.testcases.Sampletest"/>
  <testcase name="validUserNamePswd2" time="0.004" classname="com.eco.qa.testcases.Sampletest">
    <failure type="java.lang.AssertionError" message="expected [true] but found [false]">
      <![CDATA[java.lang.AssertionError: expected [true] but found [false]
at com.eco.qa.testcases.Sampletest.validUserNamePswd2(Sampletest.java:32)
at java.util.ArrayList.forEach(ArrayList.java:1259)
... Removed 31 stack frames]]>
    </failure>
  </testcase> <!-- validUserNamePswd2 -->
  <testcase name="validUserNamePswd3" time="0.005" classname="com.eco.qa.testcases.Sampletest"/>
</testsuite> <!-- Testweb -->
