<?xml version="1.0" encoding="UTF-8"?>
<testng-results skipped="0" failed="0" ignored="0" total="1" passed="1">
  <reporter-output>
  </reporter-output>
  <suite name="Suite" duration-ms="68884" started-at="2021-03-18T03:27:04 IST" finished-at="2021-03-18T03:28:12 IST">
    <groups>
    </groups>
    <test name="Testweb" duration-ms="68884" started-at="2021-03-18T03:27:04 IST" finished-at="2021-03-18T03:28:12 IST">
      <class name="com.eco.qa.testcases.EcoAdminPanelOrderCreationTest">
        <test-method status="PASS" signature="beforeTest()[pri:0, instance:com.eco.qa.testcases.EcoAdminPanelOrderCreationTest@52e6fdee]" name="beforeTest" is-config="true" duration-ms="10710" started-at="2021-03-18T03:27:04 IST" finished-at="2021-03-18T03:27:14 IST">
          <reporter-output>
          </reporter-output>
        </test-method> <!-- beforeTest -->
        <test-method status="PASS" signature="beforeClass()[pri:0, instance:com.eco.qa.testcases.EcoAdminPanelOrderCreationTest@52e6fdee]" name="beforeClass" is-config="true" duration-ms="1" started-at="2021-03-18T03:27:14 IST" finished-at="2021-03-18T03:27:14 IST">
          <reporter-output>
          </reporter-output>
        </test-method> <!-- beforeClass -->
        <test-method status="PASS" signature="beforeMethod(java.lang.reflect.Method)[pri:0, instance:com.eco.qa.testcases.EcoAdminPanelOrderCreationTest@52e6fdee]" name="beforeMethod" is-config="true" duration-ms="840" started-at="2021-03-18T03:27:14 IST" finished-at="2021-03-18T03:27:15 IST">
          <params>
            <param index="0">
              <value>
                <![CDATA[public void com.eco.qa.testcases.EcoAdminPanelOrderCreationTest.ElevatorOrderCreation() throws java.lang.Exception]]>
              </value>
            </param>
          </params>
          <reporter-output>
          </reporter-output>
        </test-method> <!-- beforeMethod -->
        <test-method status="PASS" signature="ElevatorOrderCreation()[pri:0, instance:com.eco.qa.testcases.EcoAdminPanelOrderCreationTest@52e6fdee]" name="ElevatorOrderCreation" duration-ms="55345" started-at="2021-03-18T03:27:15 IST" finished-at="2021-03-18T03:28:11 IST">
          <reporter-output>
          </reporter-output>
        </test-method> <!-- ElevatorOrderCreation -->
        <test-method status="PASS" signature="afterMethod()[pri:0, instance:com.eco.qa.testcases.EcoAdminPanelOrderCreationTest@52e6fdee]" name="afterMethod" is-config="true" duration-ms="702" started-at="2021-03-18T03:28:11 IST" finished-at="2021-03-18T03:28:12 IST">
          <reporter-output>
          </reporter-output>
        </test-method> <!-- afterMethod -->
        <test-method status="PASS" signature="afterClass()[pri:0, instance:com.eco.qa.testcases.EcoAdminPanelOrderCreationTest@52e6fdee]" name="afterClass" is-config="true" duration-ms="1" started-at="2021-03-18T03:28:12 IST" finished-at="2021-03-18T03:28:12 IST">
          <reporter-output>
          </reporter-output>
        </test-method> <!-- afterClass -->
        <test-method status="PASS" signature="afterTest()[pri:0, instance:com.eco.qa.testcases.EcoAdminPanelOrderCreationTest@52e6fdee]" name="afterTest" is-config="true" duration-ms="840" started-at="2021-03-18T03:28:12 IST" finished-at="2021-03-18T03:28:12 IST">
          <reporter-output>
          </reporter-output>
        </test-method> <!-- afterTest -->
      </class> <!-- com.eco.qa.testcases.EcoAdminPanelOrderCreationTest -->
    </test> <!-- Testweb -->
  </suite> <!-- Suite -->
</testng-results>
