<?xml version="1.0" encoding="UTF-8"?>
<testng-results skipped="0" failed="1" ignored="0" total="2" passed="1">
  <reporter-output>
  </reporter-output>
  <suite name="Suite" duration-ms="119131" started-at="2021-02-13T03:31:17 IST" finished-at="2021-02-13T03:33:17 IST">
    <groups>
    </groups>
    <test name="Testweb" duration-ms="73948" started-at="2021-02-13T03:31:17 IST" finished-at="2021-02-13T03:32:31 IST">
      <class name="com.eco.qa.testcases.EcoAdminPanelOrderCreationTest">
        <test-method status="PASS" signature="beforeTest()[pri:0, instance:com.eco.qa.testcases.EcoAdminPanelOrderCreationTest@2353b3e6]" name="beforeTest" is-config="true" duration-ms="5676" started-at="2021-02-13T03:31:17 IST" finished-at="2021-02-13T03:31:23 IST">
          <reporter-output>
          </reporter-output>
        </test-method> <!-- beforeTest -->
        <test-method status="PASS" signature="beforeClass()[pri:0, instance:com.eco.qa.testcases.EcoAdminPanelOrderCreationTest@2353b3e6]" name="beforeClass" is-config="true" duration-ms="0" started-at="2021-02-13T03:31:23 IST" finished-at="2021-02-13T03:31:23 IST">
          <reporter-output>
          </reporter-output>
        </test-method> <!-- beforeClass -->
        <test-method status="PASS" signature="beforeMethod(java.lang.reflect.Method)[pri:0, instance:com.eco.qa.testcases.EcoAdminPanelOrderCreationTest@2353b3e6]" name="beforeMethod" is-config="true" duration-ms="1361" started-at="2021-02-13T03:31:23 IST" finished-at="2021-02-13T03:31:25 IST">
          <params>
            <param index="0">
              <value>
                <![CDATA[public void com.eco.qa.testcases.EcoAdminPanelOrderCreationTest.ElevatorOrderCreation() throws java.lang.Exception]]>
              </value>
            </param>
          </params>
          <reporter-output>
          </reporter-output>
        </test-method> <!-- beforeMethod -->
        <test-method status="PASS" signature="ElevatorOrderCreation()[pri:0, instance:com.eco.qa.testcases.EcoAdminPanelOrderCreationTest@2353b3e6]" name="ElevatorOrderCreation" duration-ms="65828" started-at="2021-02-13T03:31:25 IST" finished-at="2021-02-13T03:32:30 IST">
          <reporter-output>
          </reporter-output>
        </test-method> <!-- ElevatorOrderCreation -->
        <test-method status="PASS" signature="afterMethod()[pri:0, instance:com.eco.qa.testcases.EcoAdminPanelOrderCreationTest@2353b3e6]" name="afterMethod" is-config="true" duration-ms="0" started-at="2021-02-13T03:32:30 IST" finished-at="2021-02-13T03:32:30 IST">
          <reporter-output>
          </reporter-output>
        </test-method> <!-- afterMethod -->
        <test-method status="PASS" signature="afterClass()[pri:0, instance:com.eco.qa.testcases.EcoAdminPanelOrderCreationTest@2353b3e6]" name="afterClass" is-config="true" duration-ms="1" started-at="2021-02-13T03:32:30 IST" finished-at="2021-02-13T03:32:30 IST">
          <reporter-output>
          </reporter-output>
        </test-method> <!-- afterClass -->
        <test-method status="PASS" signature="afterTest()[pri:0, instance:com.eco.qa.testcases.EcoAdminPanelOrderCreationTest@2353b3e6]" name="afterTest" is-config="true" duration-ms="988" started-at="2021-02-13T03:32:30 IST" finished-at="2021-02-13T03:32:31 IST">
          <reporter-output>
          </reporter-output>
        </test-method> <!-- afterTest -->
      </class> <!-- com.eco.qa.testcases.EcoAdminPanelOrderCreationTest -->
    </test> <!-- Testweb -->
    <test name="Testapp" duration-ms="45149" started-at="2021-02-13T03:32:31 IST" finished-at="2021-02-13T03:33:17 IST">
      <class name="com.eco.qa.testcases.GermShieldTreatmeElevatorTests">
        <test-method status="PASS" signature="beforeTest(java.lang.String, java.lang.String, java.lang.String)[pri:0, instance:com.eco.qa.testcases.GermShieldTreatmeElevatorTests@5fcd892a]" name="beforeTest" is-config="true" duration-ms="18430" started-at="2021-02-13T03:32:31 IST" finished-at="2021-02-13T03:32:50 IST">
          <params>
            <param index="0">
              <value>
                <![CDATA[Android]]>
              </value>
            </param>
            <param index="1">
              <value>
                <![CDATA[10 QKQ1.191014.001]]>
              </value>
            </param>
            <param index="2">
              <value>
                <![CDATA[Redmi]]>
              </value>
            </param>
          </params>
          <reporter-output>
          </reporter-output>
        </test-method> <!-- beforeTest -->
        <test-method status="PASS" signature="beforeClass()[pri:0, instance:com.eco.qa.testcases.GermShieldTreatmeElevatorTests@5fcd892a]" name="beforeClass" is-config="true" duration-ms="1" started-at="2021-02-13T03:32:50 IST" finished-at="2021-02-13T03:32:50 IST">
          <reporter-output>
          </reporter-output>
        </test-method> <!-- beforeClass -->
        <test-method status="PASS" signature="beforeMethod(java.lang.reflect.Method)[pri:0, instance:com.eco.qa.testcases.GermShieldTreatmeElevatorTests@5fcd892a]" name="beforeMethod" is-config="true" duration-ms="378" started-at="2021-02-13T03:32:50 IST" finished-at="2021-02-13T03:32:50 IST">
          <params>
            <param index="0">
              <value>
                <![CDATA[public void com.eco.qa.testcases.GermShieldTreatmeElevatorTests.ElevatorIdealFlow() throws java.lang.Exception]]>
              </value>
            </param>
          </params>
          <reporter-output>
          </reporter-output>
        </test-method> <!-- beforeMethod -->
        <test-method status="FAIL" signature="ElevatorIdealFlow()[pri:0, instance:com.eco.qa.testcases.GermShieldTreatmeElevatorTests@5fcd892a]" name="ElevatorIdealFlow" duration-ms="25505" started-at="2021-02-13T03:32:50 IST" finished-at="2021-02-13T03:33:16 IST">
          <exception class="java.lang.NullPointerException">
            <full-stacktrace>
              <![CDATA[java.lang.NullPointerException
at com.eco.qa.testcases.GermShieldTreatmeElevatorTests.ElevatorIdealFlow(GermShieldTreatmeElevatorTests.java:83)
at sun.reflect.NativeMethodAccessorImpl.invoke0(Native Method)
at sun.reflect.NativeMethodAccessorImpl.invoke(NativeMethodAccessorImpl.java:62)
at sun.reflect.DelegatingMethodAccessorImpl.invoke(DelegatingMethodAccessorImpl.java:43)
at java.lang.reflect.Method.invoke(Method.java:498)
at org.testng.internal.MethodInvocationHelper.invokeMethod(MethodInvocationHelper.java:132)
at org.testng.internal.TestInvoker.invokeMethod(TestInvoker.java:599)
at org.testng.internal.TestInvoker.invokeTestMethod(TestInvoker.java:174)
at org.testng.internal.MethodRunner.runInSequence(MethodRunner.java:46)
at org.testng.internal.TestInvoker$MethodInvocationAgent.invoke(TestInvoker.java:822)
at org.testng.internal.TestInvoker.invokeTestMethods(TestInvoker.java:147)
at org.testng.internal.TestMethodWorker.invokeTestMethods(TestMethodWorker.java:146)
at org.testng.internal.TestMethodWorker.run(TestMethodWorker.java:128)
at java.util.ArrayList.forEach(ArrayList.java:1259)
at org.testng.TestRunner.privateRun(TestRunner.java:764)
at org.testng.TestRunner.run(TestRunner.java:585)
at org.testng.SuiteRunner.runTest(SuiteRunner.java:384)
at org.testng.SuiteRunner.runSequentially(SuiteRunner.java:378)
at org.testng.SuiteRunner.privateRun(SuiteRunner.java:337)
at org.testng.SuiteRunner.run(SuiteRunner.java:286)
at org.testng.SuiteRunnerWorker.runSuite(SuiteRunnerWorker.java:53)
at org.testng.SuiteRunnerWorker.run(SuiteRunnerWorker.java:96)
at org.testng.TestNG.runSuitesSequentially(TestNG.java:1218)
at org.testng.TestNG.runSuitesLocally(TestNG.java:1140)
at org.testng.TestNG.runSuites(TestNG.java:1069)
at org.testng.TestNG.run(TestNG.java:1037)
at org.testng.remote.AbstractRemoteTestNG.run(AbstractRemoteTestNG.java:115)
at org.testng.remote.RemoteTestNG.initAndRun(RemoteTestNG.java:251)
at org.testng.remote.RemoteTestNG.main(RemoteTestNG.java:77)
]]>
            </full-stacktrace>
          </exception> <!-- java.lang.NullPointerException -->
          <reporter-output>
          </reporter-output>
        </test-method> <!-- ElevatorIdealFlow -->
        <test-method status="PASS" signature="afterMethod()[pri:0, instance:com.eco.qa.testcases.GermShieldTreatmeElevatorTests@5fcd892a]" name="afterMethod" is-config="true" duration-ms="1" started-at="2021-02-13T03:33:16 IST" finished-at="2021-02-13T03:33:16 IST">
          <reporter-output>
          </reporter-output>
        </test-method> <!-- afterMethod -->
        <test-method status="PASS" signature="afterTest()[pri:0, instance:com.eco.qa.testcases.GermShieldTreatmeElevatorTests@5fcd892a]" name="afterTest" is-config="true" duration-ms="821" started-at="2021-02-13T03:33:16 IST" finished-at="2021-02-13T03:33:17 IST">
          <reporter-output>
          </reporter-output>
        </test-method> <!-- afterTest -->
        <test-method status="PASS" signature="afterClass()[pri:0, instance:com.eco.qa.testcases.GermShieldTreatmeElevatorTests@5fcd892a]" name="afterClass" is-config="true" duration-ms="0" started-at="2021-02-13T03:33:16 IST" finished-at="2021-02-13T03:33:16 IST">
          <reporter-output>
          </reporter-output>
        </test-method> <!-- afterClass -->
      </class> <!-- com.eco.qa.testcases.GermShieldTreatmeElevatorTests -->
    </test> <!-- Testapp -->
  </suite> <!-- Suite -->
</testng-results>
